2020-12-14 19:00:54,076 INFO 46460 [egg:logger] init all loggers with options: {"dir":"E:\\ryanKe\\practice\\webpack-setting\\logs\\webpack-setting","encoding":"utf8","env":"local","level":"INFO","consoleLevel":"INFO","disableConsoleAfterReady":false,"outputJSON":false,"buffer":true,"appLogName":"webpack-setting-web.log","coreLogName":"egg-web.log","agentLogName":"egg-agent.log","errorLogName":"common-error.log","coreLogger":{"consoleLevel":"WARN"},"allowDebugAtProd":false,"type":"application"}
2020-12-14 19:00:54,108 INFO 46460 [egg-multipart] stream mode enable
2020-12-14 19:00:54,196 INFO 46460 [egg-static] starting static serve /public/ -> E:\ryanKe\practice\webpack-setting\app\public
2020-12-14 19:00:54,199 INFO 46460 [egg-security] use csrf middleware
2020-12-14 19:00:54,200 INFO 46460 [egg-security] use methodnoallow middleware
2020-12-14 19:00:54,200 INFO 46460 [egg-security] use noopen middleware
2020-12-14 19:00:54,201 INFO 46460 [egg-security] use nosniff middleware
2020-12-14 19:00:54,201 INFO 46460 [egg-security] use xssProtection middleware
2020-12-14 19:00:54,202 INFO 46460 [egg-security] use xframe middleware
2020-12-14 19:00:54,202 INFO 46460 [egg-security] use dta middleware
2020-12-14 19:00:54,202 INFO 46460 [egg-security] compose 7 middlewares into one security middleware
2020-12-14 19:00:54,224 INFO 46460 [egg:core] dump config after load, 18ms
2020-12-14 19:00:54,243 INFO 46460 [egg-watcher:application] watcher start success
2020-12-14 19:00:54,262 INFO 46460 [egg:core] dump config after ready, 15ms
2020-12-14 19:01:38,471 INFO 38968 [egg:logger] init all loggers with options: {"dir":"E:\\ryanKe\\practice\\webpack-setting\\logs\\webpack-setting","encoding":"utf8","env":"local","level":"INFO","consoleLevel":"INFO","disableConsoleAfterReady":false,"outputJSON":false,"buffer":true,"appLogName":"webpack-setting-web.log","coreLogName":"egg-web.log","agentLogName":"egg-agent.log","errorLogName":"common-error.log","coreLogger":{"consoleLevel":"WARN"},"allowDebugAtProd":false,"type":"application"}
2020-12-14 19:01:38,506 INFO 38968 [egg-multipart] stream mode enable
2020-12-14 19:01:38,593 INFO 38968 [egg-static] starting static serve /public/ -> E:\ryanKe\practice\webpack-setting\app\public
2020-12-14 19:01:38,595 INFO 38968 [egg-security] use csrf middleware
2020-12-14 19:01:38,596 INFO 38968 [egg-security] use methodnoallow middleware
2020-12-14 19:01:38,597 INFO 38968 [egg-security] use noopen middleware
2020-12-14 19:01:38,597 INFO 38968 [egg-security] use nosniff middleware
2020-12-14 19:01:38,598 INFO 38968 [egg-security] use xssProtection middleware
2020-12-14 19:01:38,599 INFO 38968 [egg-security] use xframe middleware
2020-12-14 19:01:38,599 INFO 38968 [egg-security] use dta middleware
2020-12-14 19:01:38,599 INFO 38968 [egg-security] compose 7 middlewares into one security middleware
2020-12-14 19:01:38,621 INFO 38968 [egg:core] dump config after load, 16ms
2020-12-14 19:01:38,635 INFO 38968 [egg-watcher:application] watcher start success
2020-12-14 19:01:38,656 INFO 38968 [egg:core] dump config after ready, 18ms
2020-12-14 19:01:45,754 INFO 43804 [egg:logger] init all loggers with options: {"dir":"E:\\ryanKe\\practice\\webpack-setting\\logs\\webpack-setting","encoding":"utf8","env":"local","level":"INFO","consoleLevel":"INFO","disableConsoleAfterReady":false,"outputJSON":false,"buffer":true,"appLogName":"webpack-setting-web.log","coreLogName":"egg-web.log","agentLogName":"egg-agent.log","errorLogName":"common-error.log","coreLogger":{"consoleLevel":"WARN"},"allowDebugAtProd":false,"type":"application"}
2020-12-14 19:01:45,784 INFO 43804 [egg-multipart] stream mode enable
2020-12-14 19:01:45,904 INFO 43804 [egg-static] starting static serve /public/ -> E:\ryanKe\practice\webpack-setting\app\public
2020-12-14 19:01:45,908 INFO 43804 [egg-security] use csrf middleware
2020-12-14 19:01:45,909 INFO 43804 [egg-security] use methodnoallow middleware
2020-12-14 19:01:45,910 INFO 43804 [egg-security] use noopen middleware
2020-12-14 19:01:45,911 INFO 43804 [egg-security] use nosniff middleware
2020-12-14 19:01:45,912 INFO 43804 [egg-security] use xssProtection middleware
2020-12-14 19:01:45,912 INFO 43804 [egg-security] use xframe middleware
2020-12-14 19:01:45,913 INFO 43804 [egg-security] use dta middleware
2020-12-14 19:01:45,913 INFO 43804 [egg-security] compose 7 middlewares into one security middleware
2020-12-14 19:01:45,949 INFO 43804 [egg:core] dump config after load, 28ms
2020-12-14 19:01:45,968 INFO 43804 [egg-watcher:application] watcher start success
2020-12-14 19:01:45,997 INFO 43804 [egg:core] dump config after ready, 26ms
2020-12-14 19:04:50,042 INFO 10968 [egg:logger] init all loggers with options: {"dir":"E:\\ryanKe\\practice\\webpack-setting\\logs\\webpack-setting","encoding":"utf8","env":"local","level":"INFO","consoleLevel":"INFO","disableConsoleAfterReady":false,"outputJSON":false,"buffer":true,"appLogName":"webpack-setting-web.log","coreLogName":"egg-web.log","agentLogName":"egg-agent.log","errorLogName":"common-error.log","coreLogger":{"consoleLevel":"WARN"},"allowDebugAtProd":false,"type":"application"}
2020-12-14 19:04:50,072 INFO 10968 [egg-multipart] stream mode enable
2020-12-14 19:04:50,161 INFO 10968 [egg-static] starting static serve /public/ -> E:\ryanKe\practice\webpack-setting\app\public
2020-12-14 19:04:50,164 INFO 10968 [egg-security] use csrf middleware
2020-12-14 19:04:50,164 INFO 10968 [egg-security] use methodnoallow middleware
2020-12-14 19:04:50,165 INFO 10968 [egg-security] use noopen middleware
2020-12-14 19:04:50,165 INFO 10968 [egg-security] use nosniff middleware
2020-12-14 19:04:50,166 INFO 10968 [egg-security] use xssProtection middleware
2020-12-14 19:04:50,167 INFO 10968 [egg-security] use xframe middleware
2020-12-14 19:04:50,167 INFO 10968 [egg-security] use dta middleware
2020-12-14 19:04:50,167 INFO 10968 [egg-security] compose 7 middlewares into one security middleware
2020-12-14 19:04:50,184 INFO 10968 [egg:core] dump config after load, 13ms
2020-12-14 19:04:50,196 INFO 10968 [egg-watcher:application] watcher start success
2020-12-14 19:04:50,214 INFO 10968 [egg:core] dump config after ready, 16ms
2020-12-14 19:05:11,136 INFO 39844 [egg:logger] init all loggers with options: {"dir":"E:\\ryanKe\\practice\\webpack-setting\\logs\\webpack-setting","encoding":"utf8","env":"local","level":"INFO","consoleLevel":"INFO","disableConsoleAfterReady":false,"outputJSON":false,"buffer":true,"appLogName":"webpack-setting-web.log","coreLogName":"egg-web.log","agentLogName":"egg-agent.log","errorLogName":"common-error.log","coreLogger":{"consoleLevel":"WARN"},"allowDebugAtProd":false,"type":"application"}
2020-12-14 19:05:11,170 INFO 39844 [egg-multipart] stream mode enable
2020-12-14 19:05:11,272 INFO 39844 [egg-static] starting static serve /public/ -> E:\ryanKe\practice\webpack-setting\app\public
2020-12-14 19:05:11,275 INFO 39844 [egg-security] use csrf middleware
2020-12-14 19:05:11,276 INFO 39844 [egg-security] use methodnoallow middleware
2020-12-14 19:05:11,277 INFO 39844 [egg-security] use noopen middleware
2020-12-14 19:05:11,278 INFO 39844 [egg-security] use nosniff middleware
2020-12-14 19:05:11,278 INFO 39844 [egg-security] use xssProtection middleware
2020-12-14 19:05:11,279 INFO 39844 [egg-security] use xframe middleware
2020-12-14 19:05:11,279 INFO 39844 [egg-security] use dta middleware
2020-12-14 19:05:11,279 INFO 39844 [egg-security] compose 7 middlewares into one security middleware
2020-12-14 19:05:11,299 INFO 39844 [egg:core] dump config after load, 16ms
2020-12-14 19:05:11,315 INFO 39844 [egg-watcher:application] watcher start success
2020-12-14 19:05:11,335 INFO 39844 [egg:core] dump config after ready, 15ms
2020-12-14 19:05:37,695 INFO 46744 [egg:logger] init all loggers with options: {"dir":"E:\\ryanKe\\practice\\webpack-setting\\logs\\webpack-setting","encoding":"utf8","env":"local","level":"INFO","consoleLevel":"INFO","disableConsoleAfterReady":false,"outputJSON":false,"buffer":true,"appLogName":"webpack-setting-web.log","coreLogName":"egg-web.log","agentLogName":"egg-agent.log","errorLogName":"common-error.log","coreLogger":{"consoleLevel":"WARN"},"allowDebugAtProd":false,"type":"application"}
2020-12-14 19:05:37,724 INFO 46744 [egg-multipart] stream mode enable
2020-12-14 19:05:37,807 INFO 46744 [egg-static] starting static serve /public/ -> E:\ryanKe\practice\webpack-setting\app\public
2020-12-14 19:05:37,809 INFO 46744 [egg-security] use csrf middleware
2020-12-14 19:05:37,810 INFO 46744 [egg-security] use methodnoallow middleware
2020-12-14 19:05:37,810 INFO 46744 [egg-security] use noopen middleware
2020-12-14 19:05:37,811 INFO 46744 [egg-security] use nosniff middleware
2020-12-14 19:05:37,812 INFO 46744 [egg-security] use xssProtection middleware
2020-12-14 19:05:37,812 INFO 46744 [egg-security] use xframe middleware
2020-12-14 19:05:37,813 INFO 46744 [egg-security] use dta middleware
2020-12-14 19:05:37,813 INFO 46744 [egg-security] compose 7 middlewares into one security middleware
2020-12-14 19:05:37,830 INFO 46744 [egg:core] dump config after load, 14ms
2020-12-14 19:05:37,843 INFO 46744 [egg-watcher:application] watcher start success
2020-12-14 19:05:37,859 INFO 46744 [egg:core] dump config after ready, 15ms
2020-12-14 19:05:49,599 INFO 39328 [egg:logger] init all loggers with options: {"dir":"E:\\ryanKe\\practice\\webpack-setting\\logs\\webpack-setting","encoding":"utf8","env":"local","level":"INFO","consoleLevel":"INFO","disableConsoleAfterReady":false,"outputJSON":false,"buffer":true,"appLogName":"webpack-setting-web.log","coreLogName":"egg-web.log","agentLogName":"egg-agent.log","errorLogName":"common-error.log","coreLogger":{"consoleLevel":"WARN"},"allowDebugAtProd":false,"type":"application"}
2020-12-14 19:05:49,633 INFO 39328 [egg-multipart] stream mode enable
2020-12-14 19:05:49,721 INFO 39328 [egg-static] starting static serve /public/ -> E:\ryanKe\practice\webpack-setting\app\public
2020-12-14 19:05:49,725 INFO 39328 [egg-security] use csrf middleware
2020-12-14 19:05:49,726 INFO 39328 [egg-security] use methodnoallow middleware
2020-12-14 19:05:49,726 INFO 39328 [egg-security] use noopen middleware
2020-12-14 19:05:49,727 INFO 39328 [egg-security] use nosniff middleware
2020-12-14 19:05:49,729 INFO 39328 [egg-security] use xssProtection middleware
2020-12-14 19:05:49,729 INFO 39328 [egg-security] use xframe middleware
2020-12-14 19:05:49,729 INFO 39328 [egg-security] use dta middleware
2020-12-14 19:05:49,729 INFO 39328 [egg-security] compose 7 middlewares into one security middleware
2020-12-14 19:05:49,762 INFO 39328 [egg:core] dump config after load, 24ms
2020-12-14 19:05:49,789 INFO 39328 [egg-watcher:application] watcher start success
2020-12-14 19:05:49,825 INFO 39328 [egg:core] dump config after ready, 30ms
2020-12-14 19:06:55,015 INFO 45676 [egg:logger] init all loggers with options: {"dir":"E:\\ryanKe\\practice\\webpack-setting\\logs\\webpack-setting","encoding":"utf8","env":"local","level":"INFO","consoleLevel":"INFO","disableConsoleAfterReady":false,"outputJSON":false,"buffer":true,"appLogName":"webpack-setting-web.log","coreLogName":"egg-web.log","agentLogName":"egg-agent.log","errorLogName":"common-error.log","coreLogger":{"consoleLevel":"WARN"},"allowDebugAtProd":false,"type":"application"}
2020-12-14 19:06:55,045 INFO 45676 [egg-multipart] stream mode enable
2020-12-14 19:06:55,132 INFO 45676 [egg-static] starting static serve /public/ -> E:\ryanKe\practice\webpack-setting\app\public
2020-12-14 19:06:55,134 INFO 45676 [egg-security] use csrf middleware
2020-12-14 19:06:55,135 INFO 45676 [egg-security] use methodnoallow middleware
2020-12-14 19:06:55,136 INFO 45676 [egg-security] use noopen middleware
2020-12-14 19:06:55,137 INFO 45676 [egg-security] use nosniff middleware
2020-12-14 19:06:55,137 INFO 45676 [egg-security] use xssProtection middleware
2020-12-14 19:06:55,138 INFO 45676 [egg-security] use xframe middleware
2020-12-14 19:06:55,138 INFO 45676 [egg-security] use dta middleware
2020-12-14 19:06:55,138 INFO 45676 [egg-security] compose 7 middlewares into one security middleware
2020-12-14 19:06:55,155 INFO 45676 [egg:core] dump config after load, 13ms
2020-12-14 19:06:55,168 INFO 45676 [egg-watcher:application] watcher start success
2020-12-14 19:06:55,185 INFO 45676 [egg:core] dump config after ready, 16ms
